./sdriver.pl -t trace01.txt -s ./tsh -a "-p"
#
# trace01.txt - Properly terminate on EOF.
#
./sdriver.pl -t trace02.txt -s ./tsh -a "-p"
#
# trace02.txt - Process builtin quit command.
#
./sdriver.pl -t trace03.txt -s ./tsh -a "-p"
#
# trace03.txt - Run a foreground job.
#
tsh> quit
./sdriver.pl -t trace04.txt -s ./tsh -a "-p"
#
# trace04.txt - Run a background job.
#
tsh> ./myspin 1 &
[1] (3089) ./myspin 1 &
./sdriver.pl -t trace05.txt -s ./tsh -a "-p"
#
# trace05.txt - Process jobs builtin command.
#
tsh> ./myspin 2 &
[1] (3095) ./myspin 2 &
tsh> ./myspin 3 &
[2] (3097) ./myspin 3 &
tsh> jobs
[1] (3095) Running ./myspin 2 &
[2] (3097) Running ./myspin 3 &
./sdriver.pl -t trace06.txt -s ./tsh -a "-p"
#
# trace06.txt - Forward SIGINT to foreground job.
#
tsh> ./myspin 4
Job [1] (3104) terminated by signal 2
./sdriver.pl -t trace07.txt -s ./tsh -a "-p"
#
# trace07.txt - Forward SIGINT only to foreground job.
#
tsh> ./myspin 4 &
[1] (3110) ./myspin 4 &
tsh> ./myspin 5
Job [2] (3112) terminated by signal 2
tsh> jobs
[1] (3110) Running ./myspin 4 &
./sdriver.pl -t trace08.txt -s ./tsh -a "-p"
#
# trace08.txt - Forward SIGTSTP only to foreground job.
#
tsh> ./myspin 4 &
[1] (3119) ./myspin 4 &
tsh> ./myspin 5
Job [2] (3121) stopped by signal 20
tsh> jobs
[1] (3119) Running ./myspin 4 &
[2] (3121) Stopped ./myspin 5 
./sdriver.pl -t trace09.txt -s ./tsh -a "-p"
#
# trace09.txt - Process bg builtin command
#
tsh> ./myspin 4 &
[1] (3129) ./myspin 4 &
tsh> ./myspin 5
Job [2] (3131) stopped by signal 20
tsh> jobs
[1] (3129) Running ./myspin 4 &
[2] (3131) Stopped ./myspin 5 
tsh> bg %2
[2] (3131) ./myspin 5 
tsh> jobs
[1] (3129) Running ./myspin 4 &
[2] (3131) Running ./myspin 5 
./sdriver.pl -t trace10.txt -s ./tsh -a "-p"
#
# trace10.txt - Process fg builtin command. 
#
tsh> ./myspin 4 &
[1] (3140) ./myspin 4 &
tsh> fg %1
Job [1] (3140) stopped by signal 20
tsh> jobs
[1] (3140) Stopped ./myspin 4 &
tsh> fg %1
tsh> jobs
./sdriver.pl -t trace11.txt -s ./tsh -a "-p"
#
# trace11.txt - Forward SIGINT to every process in foreground process group
#
tsh> ./mysplit 4
Job [1] (3150) terminated by signal 2
tsh> /bin/ps a
    PID TTY      STAT   TIME COMMAND
   1903 tty2     Ssl+   0:00 /usr/lib/gdm3/gdm-x-session --run-script env GNOME_SHELL_SESSION_MODE=ubuntu /usr/bin/gnome-session --systemd --session=ubuntu
   1907 tty2     Sl+    0:19 /usr/lib/xorg/Xorg vt2 -displayfd 3 -auth /run/user/1000/gdm/Xauthority -background none -noreset -keeptty -verbose 3
   1943 tty2     Sl+    0:00 /usr/libexec/gnome-session-binary --systemd --systemd --session=ubuntu
   2365 pts/0    Ss     0:00 bash
   2371 pts/0    S      0:00 sudo -s
   2372 pts/0    S      0:00 /bin/bash
   2396 pts/0    S+     0:01 vim tsh.c
   2521 pts/1    Ss     0:00 bash
   2527 pts/1    S      0:00 sudo -s
   2528 pts/1    S      0:00 /bin/bash
   2614 pts/2    Ss+    0:00 bash
   3145 pts/1    S+     0:00 make test11
   3146 pts/1    S+     0:00 /bin/sh -c ./sdriver.pl -t trace11.txt -s ./tsh -a "-p"
   3147 pts/1    S+     0:00 /usr/bin/perl ./sdriver.pl -t trace11.txt -s ./tsh -a -p
   3148 pts/1    S+     0:00 ./tsh -p
   3153 pts/1    R      0:00 /bin/ps a
./sdriver.pl -t trace12.txt -s ./tsh -a "-p"
#
# trace12.txt - Forward SIGTSTP to every process in foreground process group
#
tsh> ./mysplit 4
Job [1] (3159) stopped by signal 20
tsh> jobs
[1] (3159) Stopped ./mysplit 4 
tsh> /bin/ps a
    PID TTY      STAT   TIME COMMAND
   1903 tty2     Ssl+   0:00 /usr/lib/gdm3/gdm-x-session --run-script env GNOME_SHELL_SESSION_MODE=ubuntu /usr/bin/gnome-session --systemd --session=ubuntu
   1907 tty2     Sl+    0:19 /usr/lib/xorg/Xorg vt2 -displayfd 3 -auth /run/user/1000/gdm/Xauthority -background none -noreset -keeptty -verbose 3
   1943 tty2     Sl+    0:00 /usr/libexec/gnome-session-binary --systemd --systemd --session=ubuntu
   2365 pts/0    Ss     0:00 bash
   2371 pts/0    S      0:00 sudo -s
   2372 pts/0    S      0:00 /bin/bash
   2396 pts/0    S+     0:01 vim tsh.c
   2521 pts/1    Ss     0:00 bash
   2527 pts/1    S      0:00 sudo -s
   2528 pts/1    S      0:00 /bin/bash
   2614 pts/2    Ss+    0:00 bash
   3154 pts/1    S+     0:00 make test12
   3155 pts/1    S+     0:00 /bin/sh -c ./sdriver.pl -t trace12.txt -s ./tsh -a "-p"
   3156 pts/1    S+     0:00 /usr/bin/perl ./sdriver.pl -t trace12.txt -s ./tsh -a -p
   3157 pts/1    S+     0:00 ./tsh -p
   3159 pts/1    T      0:00 ./mysplit 4
   3160 pts/1    T      0:00 ./mysplit 4
   3163 pts/1    R      0:00 /bin/ps a
./sdriver.pl -t trace13.txt -s ./tsh -a "-p"
#
# trace13.txt - Restart every stopped process in process group
#
tsh> ./mysplit 4
Job [1] (3169) stopped by signal 20
tsh> jobs
[1] (3169) Stopped ./mysplit 4 
tsh> /bin/ps a
    PID TTY      STAT   TIME COMMAND
   1903 tty2     Ssl+   0:00 /usr/lib/gdm3/gdm-x-session --run-script env GNOME_SHELL_SESSION_MODE=ubuntu /usr/bin/gnome-session --systemd --session=ubuntu
   1907 tty2     Sl+    0:19 /usr/lib/xorg/Xorg vt2 -displayfd 3 -auth /run/user/1000/gdm/Xauthority -background none -noreset -keeptty -verbose 3
   1943 tty2     Sl+    0:00 /usr/libexec/gnome-session-binary --systemd --systemd --session=ubuntu
   2365 pts/0    Ss     0:00 bash
   2371 pts/0    S      0:00 sudo -s
   2372 pts/0    S      0:00 /bin/bash
   2396 pts/0    S+     0:01 vim tsh.c
   2521 pts/1    Ss     0:00 bash
   2527 pts/1    S      0:00 sudo -s
   2528 pts/1    S      0:00 /bin/bash
   2614 pts/2    Ss+    0:00 bash
   3164 pts/1    S+     0:00 make test13
   3165 pts/1    S+     0:00 /bin/sh -c ./sdriver.pl -t trace13.txt -s ./tsh -a "-p"
   3166 pts/1    S+     0:00 /usr/bin/perl ./sdriver.pl -t trace13.txt -s ./tsh -a -p
   3167 pts/1    S+     0:00 ./tsh -p
   3169 pts/1    T      0:00 ./mysplit 4
   3170 pts/1    T      0:00 ./mysplit 4
   3173 pts/1    R      0:00 /bin/ps a
tsh> fg %1
tsh> /bin/ps a
    PID TTY      STAT   TIME COMMAND
   1903 tty2     Ssl+   0:00 /usr/lib/gdm3/gdm-x-session --run-script env GNOME_SHELL_SESSION_MODE=ubuntu /usr/bin/gnome-session --systemd --session=ubuntu
   1907 tty2     Sl+    0:19 /usr/lib/xorg/Xorg vt2 -displayfd 3 -auth /run/user/1000/gdm/Xauthority -background none -noreset -keeptty -verbose 3
   1943 tty2     Sl+    0:00 /usr/libexec/gnome-session-binary --systemd --systemd --session=ubuntu
   2365 pts/0    Ss     0:00 bash
   2371 pts/0    S      0:00 sudo -s
   2372 pts/0    S      0:00 /bin/bash
   2396 pts/0    S+     0:01 vim tsh.c
   2521 pts/1    Ss     0:00 bash
   2527 pts/1    S      0:00 sudo -s
   2528 pts/1    S      0:00 /bin/bash
   2614 pts/2    Ss+    0:00 bash
   3164 pts/1    S+     0:00 make test13
   3165 pts/1    S+     0:00 /bin/sh -c ./sdriver.pl -t trace13.txt -s ./tsh -a "-p"
   3166 pts/1    S+     0:00 /usr/bin/perl ./sdriver.pl -t trace13.txt -s ./tsh -a -p
   3167 pts/1    S+     0:00 ./tsh -p
   3176 pts/1    R      0:00 /bin/ps a
./sdriver.pl -t trace14.txt -s ./tsh -a "-p"
#
# trace14.txt - Simple error handling
#
tsh> ./bogus
./bogus: Command not found
tsh> ./myspin 4 &
[1] (3183) ./myspin 4 &
tsh> fg
fg command requires PID or %jobid argument
tsh> bg
bg command requires PID or %jobid argument
tsh> fg a
fg: argument must be a PID or %jobid
tsh> bg a
bg: argument must be a PID or %jobid
tsh> fg 9999999
(9999999): No such process
tsh> bg 9999999
(9999999): No such process
tsh> fg %2
%2: No such job
tsh> fg %1
Job [1] (3183) stopped by signal 20
tsh> bg %2
%2: No such job
tsh> bg %1
[1] (3183) ./myspin 4 &
tsh> jobs
[1] (3183) Running ./myspin 4 &
./sdriver.pl -t trace15.txt -s ./tsh -a "-p"
#
# trace15.txt - Putting it all together
#
tsh> ./bogus
./bogus: Command not found
tsh> ./myspin 10
Job [1] (3202) terminated by signal 2
tsh> ./myspin 3 &
[1] (3204) ./myspin 3 &
tsh> ./myspin 4 &
[2] (3206) ./myspin 4 &
tsh> jobs
[1] (3204) Running ./myspin 3 &
[2] (3206) Running ./myspin 4 &
tsh> fg %1
Job [1] (3204) stopped by signal 20
tsh> jobs
[1] (3204) Stopped ./myspin 3 &
[2] (3206) Running ./myspin 4 &
tsh> bg %3
%3: No such job
tsh> bg %1
[1] (3204) ./myspin 3 &
tsh> jobs
[1] (3204) Running ./myspin 3 &
[2] (3206) Running ./myspin 4 &
tsh> fg %1
tsh> quit
./sdriver.pl -t trace16.txt -s ./tsh -a "-p"
#
# trace16.txt - Tests whether the shell can handle SIGTSTP and SIGINT
#     signals that come from other processes instead of the terminal.
#
tsh> ./mystop 2
Job [1] (3220) stopped by signal 20
tsh> jobs
[1] (3220) Stopped ./mystop 2
tsh> ./myint 2
Job [2] (3223) terminated by signal 2
